Arguments: 
  /Users/otaviobarbosa/.nvm/versions/node/v10.16.0/bin/node /usr/local/Cellar/yarn/1.17.3/libexec/bin/yarn.js add eliptic

PATH: 
  /ImageMagick-7.0.8/bin:/Users/otaviobarbosa/.nvm/versions/node/v10.16.0/bin:/usr/local/bin:/usr/local/sbin:/usr/bin:/bin:/usr/sbin:/sbin:/ImageMagick-7.0.8/bin:/Users/otaviobarbosa/.nvm/versions/node/v10.16.0/bin:/usr/local/mysql/bin:/usr/local/android-sdk/emulator:/usr/local/android-sdk/tools:/usr/local/android-sdk/tools/bin:/usr/local/android-sdk/platform-tools:/usr/local/opt/curl/bin:/Users/otaviobarbosa/.composer/vendor/bin:/usr/local/flutter/bin:/usr/local/mysql/bin:/usr/local/android-sdk/emulator:/usr/local/bin:/usr/local/sbin:/usr/bin:/bin:/usr/sbin:/sbin:/ImageMagick-7.0.8/bin:/Users/otaviobarbosa/.nvm/versions/node/v10.16.0/bin:/usr/local/mysql/bin:/usr/local/android-sdk/emulator:/usr/local/android-sdk/tools:/usr/local/android-sdk/tools/bin:/usr/local/android-sdk/platform-tools:/usr/local/opt/curl/bin:/Users/otaviobarbosa/.composer/vendor/bin:/usr/local/flutter/bin:/usr/local/mysql/bin:/usr/local/android-sdk/tools:/usr/local/android-sdk/tools/bin:/usr/local/android-sdk/platform-tools:/usr/local/opt/curl/bin:/Users/otaviobarbosa/.composer/vendor/bin:/usr/local/flutter/bin

Yarn version: 
  1.17.3

Node version: 
  10.16.0

Platform: 
  darwin x64

Trace: 
  Error: https://registry.yarnpkg.com/eliptic: Not found
      at Request.params.callback [as _callback] (/usr/local/Cellar/yarn/1.17.3/libexec/lib/cli.js:66830:18)
      at Request.self.callback (/usr/local/Cellar/yarn/1.17.3/libexec/lib/cli.js:140464:22)
      at Request.emit (events.js:198:13)
      at Request.<anonymous> (/usr/local/Cellar/yarn/1.17.3/libexec/lib/cli.js:141436:10)
      at Request.emit (events.js:198:13)
      at IncomingMessage.<anonymous> (/usr/local/Cellar/yarn/1.17.3/libexec/lib/cli.js:141358:12)
      at Object.onceWrapper (events.js:286:20)
      at IncomingMessage.emit (events.js:203:15)
      at endReadableNT (_stream_readable.js:1129:12)
      at process._tickCallback (internal/process/next_tick.js:63:19)

npm manifest: 
  {
    "name": "blockchain",
    "version": "1.0.0",
    "main": "index.js",
    "author": "Otavio Barbosa <otaviomorcegao@gmail.com>",
    "license": "MIT",
    "dependencies": {
      "crypto-js": "^3.1.9-1"
    }
  }

yarn manifest: 
  No manifest

Lockfile: 
  # THIS IS AN AUTOGENERATED FILE. DO NOT EDIT THIS FILE DIRECTLY.
  # yarn lockfile v1
  
  
  crypto-js@^3.1.9-1:
    version "3.1.9-1"
    resolved "https://registry.yarnpkg.com/crypto-js/-/crypto-js-3.1.9-1.tgz#fda19e761fc077e01ffbfdc6e9fdfc59e8806cd8"
    integrity sha1-/aGedh/Ad+Af+/3G6f38WeiAbNg=
